<?xml version="1.0" encoding="UTF-8"?>
<!-- Generated by org.testng.reporters.JUnitReportReporter -->
<testsuite skipped="0" hostname="DESKTOP-QQHIPVQ" name="Raksha.ExtentReports.ExtentReportDemo" tests="1" failures="0" timestamp="26 Mar 2021 09:35:36 GMT" time="12.159" errors="0">
  <testcase name="initialDemo" time="12.159" classname="Raksha.ExtentReports.ExtentReportDemo"/>
</testsuite> <!-- Raksha.ExtentReports.ExtentReportDemo -->
